<?xml version="1.0" encoding="UTF-8"?>
<robot generator="Robot 3.2.2 (Python 3.6.7 on win32)" generated="20230823 11:40:19.037" rpa="false">
<suite id="s1" name="Study" source="C:\Users\fbehd\Desktop\RED_0.9.5.20200724101746-win32.win32.x86_64\workspace\study">
<suite id="s1-s1" name="Project" source="C:\Users\fbehd\Desktop\RED_0.9.5.20200724101746-win32.win32.x86_64\workspace\study\project">
<suite id="s1-s1-s1" name="Testscript" source="C:\Users\fbehd\Desktop\RED_0.9.5.20200724101746-win32.win32.x86_64\workspace\study\project\testscript">
<suite id="s1-s1-s1-s1" name="Test" source="C:\Users\fbehd\Desktop\RED_0.9.5.20200724101746-win32.win32.x86_64\workspace\study\project\testscript\test">
<suite id="s1-s1-s1-s1-s1" name="Webtest1" source="C:\Users\fbehd\Desktop\RED_0.9.5.20200724101746-win32.win32.x86_64\workspace\study\project\testscript\test\webtest1.robot">
<test id="s1-s1-s1-s1-s1-t1" name="Connect and Open App">
<kw name="Log To Console" library="BuiltIn">
<doc>Logs the given message to the console.</doc>
<arguments>
<arg>Connect and Open App</arg>
</arguments>
<status status="PASS" starttime="20230823 11:40:21.068" endtime="20230823 11:40:21.073"></status>
</kw>
<kw name="Connect Device" library="MyUiautomatorLibrary">
<arguments>
<arg>${DEVICE_NAME}</arg>
</arguments>
<status status="PASS" starttime="20230823 11:40:21.073" endtime="20230823 11:40:23.772"></status>
</kw>
<kw name="Verify Device Information">
<doc>[Description] Verify Device Information
[Date] 2023.08.22
[Author] Keumyong.Lee</doc>
<arguments>
<arg>${DEVICE_NAME}</arg>
</arguments>
<kw name="Log To Console" library="BuiltIn">
<doc>Logs the given message to the console.</doc>
<arguments>
<arg>Verify Device Information</arg>
</arguments>
<status status="PASS" starttime="20230823 11:40:23.774" endtime="20230823 11:40:23.774"></status>
</kw>
<kw name="Run Keyword" library="BuiltIn">
<doc>Executes the given keyword with the given arguments.</doc>
<arguments>
<arg>Shell Adb</arg>
<arg>getprop ro.product.model</arg>
</arguments>
<assign>
<var>${Device_Name}</var>
</assign>
<kw name="Shell Adb" library="MyUiautomatorLibrary">
<arguments>
<arg>getprop ro.product.model</arg>
</arguments>
<status status="PASS" starttime="20230823 11:40:23.774" endtime="20230823 11:40:23.847"></status>
</kw>
<msg timestamp="20230823 11:40:23.847" level="INFO">${Device_Name} = SM-G977N
</msg>
<status status="PASS" starttime="20230823 11:40:23.774" endtime="20230823 11:40:23.848"></status>
</kw>
<kw name="Run Keyword" library="BuiltIn">
<doc>Executes the given keyword with the given arguments.</doc>
<arguments>
<arg>Shell Adb</arg>
<arg>getprop ro.build.version.release</arg>
</arguments>
<assign>
<var>${Device_OS}</var>
</assign>
<kw name="Shell Adb" library="MyUiautomatorLibrary">
<arguments>
<arg>getprop ro.build.version.release</arg>
</arguments>
<status status="PASS" starttime="20230823 11:40:23.848" endtime="20230823 11:40:23.888"></status>
</kw>
<msg timestamp="20230823 11:40:23.889" level="INFO">${Device_OS} = 12
</msg>
<status status="PASS" starttime="20230823 11:40:23.848" endtime="20230823 11:40:23.889"></status>
</kw>
<kw name="Run Keyword" library="BuiltIn">
<doc>Executes the given keyword with the given arguments.</doc>
<arguments>
<arg>Shell Adb</arg>
<arg>settings get secure bluetooth_address</arg>
</arguments>
<assign>
<var>${Device_MAC}</var>
</assign>
<kw name="Shell Adb" library="MyUiautomatorLibrary">
<arguments>
<arg>settings get secure bluetooth_address</arg>
</arguments>
<status status="PASS" starttime="20230823 11:40:23.889" endtime="20230823 11:40:23.958"></status>
</kw>
<msg timestamp="20230823 11:40:23.958" level="INFO">${Device_MAC} = 74:9E:F5:8B:CA:9A
</msg>
<status status="PASS" starttime="20230823 11:40:23.889" endtime="20230823 11:40:23.958"></status>
</kw>
<kw name="Run Keyword" library="BuiltIn">
<doc>Executes the given keyword with the given arguments.</doc>
<arguments>
<arg>Shell Adb</arg>
<arg>service call iphonesubinfo 18| cut -c 52-66 | tr -d '.[:space:]+'</arg>
</arguments>
<assign>
<var>${Device_Number}</var>
</assign>
<kw name="Shell Adb" library="MyUiautomatorLibrary">
<arguments>
<arg>service call iphonesubinfo 18| cut -c 52-66 | tr -d '.[:space:]+'</arg>
</arguments>
<status status="PASS" starttime="20230823 11:40:23.959" endtime="20230823 11:40:24.017"></status>
</kw>
<msg timestamp="20230823 11:40:24.018" level="INFO">${Device_Number} = </msg>
<status status="PASS" starttime="20230823 11:40:23.959" endtime="20230823 11:40:24.018"></status>
</kw>
<kw name="Run Keyword" library="BuiltIn">
<doc>Executes the given keyword with the given arguments.</doc>
<arguments>
<arg>Verify Device Wifi Status</arg>
</arguments>
<assign>
<var>${WiFi_Status}</var>
</assign>
<kw name="Verify Device Wifi Status">
<doc>[Description] Verify Device Wifi Status
[Author] Keumyong.Lee</doc>
<kw name="Log To Console" library="BuiltIn">
<doc>Logs the given message to the console.</doc>
<arguments>
<arg>Verify Device Wifi Status</arg>
</arguments>
<status status="PASS" starttime="20230823 11:40:24.018" endtime="20230823 11:40:24.018"></status>
</kw>
<kw name="Shell Adb" library="MyUiautomatorLibrary">
<arguments>
<arg>settings get global wifi_on</arg>
</arguments>
<assign>
<var>${WiFi_Status}</var>
</assign>
<msg timestamp="20230823 11:40:24.091" level="INFO">${WiFi_Status} = 1
</msg>
<status status="PASS" starttime="20230823 11:40:24.019" endtime="20230823 11:40:24.091"></status>
</kw>
<kw name="Set Global Variable" library="BuiltIn">
<doc>Makes a variable available globally in all tests and suites.</doc>
<arguments>
<arg>${WiFi_Status}</arg>
<arg>${WiFi_Status}</arg>
</arguments>
<msg timestamp="20230823 11:40:24.092" level="INFO">${WiFi_Status} = 1
</msg>
<status status="PASS" starttime="20230823 11:40:24.091" endtime="20230823 11:40:24.092"></status>
</kw>
<status status="PASS" starttime="20230823 11:40:24.018" endtime="20230823 11:40:24.092"></status>
</kw>
<msg timestamp="20230823 11:40:24.092" level="INFO">${WiFi_Status} = 1
</msg>
<status status="PASS" starttime="20230823 11:40:24.018" endtime="20230823 11:40:24.092"></status>
</kw>
<kw name="Remove String" library="String">
<doc>Removes all ``removables`` from the given ``string``.</doc>
<arguments>
<arg>${Device_Name}</arg>
<arg>\n</arg>
</arguments>
<assign>
<var>${Device_Name}</var>
</assign>
<msg timestamp="20230823 11:40:24.093" level="INFO">${Device_Name} = SM-G977N</msg>
<status status="PASS" starttime="20230823 11:40:24.093" endtime="20230823 11:40:24.093"></status>
</kw>
<kw name="Remove String" library="String">
<doc>Removes all ``removables`` from the given ``string``.</doc>
<arguments>
<arg>${Device_OS}</arg>
<arg>\n</arg>
</arguments>
<assign>
<var>${Device_OS}</var>
</assign>
<msg timestamp="20230823 11:40:24.093" level="INFO">${Device_OS} = 12</msg>
<status status="PASS" starttime="20230823 11:40:24.093" endtime="20230823 11:40:24.094"></status>
</kw>
<kw name="Remove String" library="String">
<doc>Removes all ``removables`` from the given ``string``.</doc>
<arguments>
<arg>${Device_MAC}</arg>
<arg>\n</arg>
</arguments>
<assign>
<var>${Device_MAC}</var>
</assign>
<msg timestamp="20230823 11:40:24.094" level="INFO">${Device_MAC} = 74:9E:F5:8B:CA:9A</msg>
<status status="PASS" starttime="20230823 11:40:24.094" endtime="20230823 11:40:24.094"></status>
</kw>
<kw name="Remove String" library="String">
<doc>Removes all ``removables`` from the given ``string``.</doc>
<arguments>
<arg>${Device_Number}</arg>
<arg>\n</arg>
</arguments>
<assign>
<var>${Device_Number}</var>
</assign>
<msg timestamp="20230823 11:40:24.095" level="INFO">${Device_Number} = </msg>
<status status="PASS" starttime="20230823 11:40:24.094" endtime="20230823 11:40:24.095"></status>
</kw>
<kw name="Remove String" library="String">
<doc>Removes all ``removables`` from the given ``string``.</doc>
<arguments>
<arg>${WiFi_Status}</arg>
<arg>\n</arg>
</arguments>
<assign>
<var>${WiFi_Status}</var>
</assign>
<msg timestamp="20230823 11:40:24.095" level="INFO">${WiFi_Status} = 1</msg>
<status status="PASS" starttime="20230823 11:40:24.095" endtime="20230823 11:40:24.096"></status>
</kw>
<kw name="Run Keyword If" library="BuiltIn">
<doc>Runs the given keyword with the given arguments, if ``condition`` is true.</doc>
<arguments>
<arg>${WiFi_Status} == ${1}</arg>
<arg>Run Keyword</arg>
<arg>Get Device Network Information</arg>
</arguments>
<assign>
<var>${WiFi_Name}</var>
</assign>
<kw name="Run Keyword" library="BuiltIn">
<doc>Executes the given keyword with the given arguments.</doc>
<arguments>
<arg>Get Device Network Information</arg>
</arguments>
<kw name="Get Device Network Information">
<kw name="Log To Console" library="BuiltIn">
<doc>Logs the given message to the console.</doc>
<arguments>
<arg>Get Device Network Information</arg>
</arguments>
<status status="PASS" starttime="20230823 11:40:24.097" endtime="20230823 11:40:24.097"></status>
</kw>
<kw name="Run Keyword" library="BuiltIn">
<doc>Executes the given keyword with the given arguments.</doc>
<arguments>
<arg>Shell Adb</arg>
<arg>dumpsys netstats | grep -e 'iface=wlan,*networkId'</arg>
</arguments>
<assign>
<var>${network_1_output}</var>
</assign>
<kw name="Shell Adb" library="MyUiautomatorLibrary">
<arguments>
<arg>dumpsys netstats | grep -e 'iface=wlan,*networkId'</arg>
</arguments>
<status status="PASS" starttime="20230823 11:40:24.097" endtime="20230823 11:40:24.220"></status>
</kw>
<msg timestamp="20230823 11:40:24.220" level="INFO">${network_1_output} = </msg>
<status status="PASS" starttime="20230823 11:40:24.097" endtime="20230823 11:40:24.220"></status>
</kw>
<kw name="Run Keyword" library="BuiltIn">
<doc>Executes the given keyword with the given arguments.</doc>
<arguments>
<arg>Shell Adb</arg>
<arg>dumpsys netstats | grep -e 'iface=wlan,*wifiNetworkKey'</arg>
</arguments>
<assign>
<var>${network_2_output}</var>
</assign>
<kw name="Shell Adb" library="MyUiautomatorLibrary">
<arguments>
<arg>dumpsys netstats | grep -e 'iface=wlan,*wifiNetworkKey'</arg>
</arguments>
<status status="PASS" starttime="20230823 11:40:24.221" endtime="20230823 11:40:24.307"></status>
</kw>
<msg timestamp="20230823 11:40:24.307" level="INFO">${network_2_output} = </msg>
<status status="PASS" starttime="20230823 11:40:24.221" endtime="20230823 11:40:24.307"></status>
</kw>
<kw name="Set Variable If" library="BuiltIn">
<doc>Sets variable based on the given condition.</doc>
<arguments>
<arg>"""${network_1_output}"""!=""</arg>
<arg>${network_1_output}</arg>
<arg>${network_2_output}</arg>
</arguments>
<assign>
<var>${networkID}</var>
</assign>
<msg timestamp="20230823 11:40:24.308" level="INFO">${networkID} = </msg>
<status status="PASS" starttime="20230823 11:40:24.308" endtime="20230823 11:40:24.308"></status>
</kw>
<kw name="Fetch From Left" library="String">
<doc>Returns contents of the ``string`` before the first occurrence of ``marker``.</doc>
<arguments>
<arg>${networkID}</arg>
<arg>, metered</arg>
</arguments>
<assign>
<var>${networkID}</var>
</assign>
<msg timestamp="20230823 11:40:24.308" level="INFO">${networkID} = </msg>
<status status="PASS" starttime="20230823 11:40:24.308" endtime="20230823 11:40:24.308"></status>
</kw>
<kw name="Fetch From Right" library="String">
<doc>Returns contents of the ``string`` after the last occurrence of ``marker``.</doc>
<arguments>
<arg>${networkID}</arg>
<arg>networkId=</arg>
</arguments>
<assign>
<var>${networkID}</var>
</assign>
<msg timestamp="20230823 11:40:24.309" level="INFO">${networkID} = </msg>
<status status="PASS" starttime="20230823 11:40:24.308" endtime="20230823 11:40:24.309"></status>
</kw>
<kw name="Fetch From Right" library="String">
<doc>Returns contents of the ``string`` after the last occurrence of ``marker``.</doc>
<arguments>
<arg>${networkID}</arg>
<arg>wifiNetworkKey=</arg>
</arguments>
<assign>
<var>${WiFi_Name}</var>
</assign>
<msg timestamp="20230823 11:40:24.309" level="INFO">${WiFi_Name} = </msg>
<status status="PASS" starttime="20230823 11:40:24.309" endtime="20230823 11:40:24.309"></status>
</kw>
<kw name="Remove String" library="String">
<doc>Removes all ``removables`` from the given ``string``.</doc>
<arguments>
<arg>${WiFi_Name}</arg>
<arg>wpa2-psk</arg>
</arguments>
<assign>
<var>${WiFi_Name}</var>
</assign>
<msg timestamp="20230823 11:40:24.310" level="INFO">${WiFi_Name} = </msg>
<status status="PASS" starttime="20230823 11:40:24.310" endtime="20230823 11:40:24.310"></status>
</kw>
<kw name="Remove String" library="String">
<doc>Removes all ``removables`` from the given ``string``.</doc>
<arguments>
<arg>${WiFi_Name}</arg>
<arg>"</arg>
</arguments>
<assign>
<var>${WiFi_Name}</var>
</assign>
<msg timestamp="20230823 11:40:24.310" level="INFO">${WiFi_Name} = </msg>
<status status="PASS" starttime="20230823 11:40:24.310" endtime="20230823 11:40:24.310"></status>
</kw>
<kw name="Set Global Variable" library="BuiltIn">
<doc>Makes a variable available globally in all tests and suites.</doc>
<arguments>
<arg>${WiFi_Name}</arg>
<arg>${WiFi_Name}</arg>
</arguments>
<msg timestamp="20230823 11:40:24.311" level="INFO">${WiFi_Name} = </msg>
<status status="PASS" starttime="20230823 11:40:24.311" endtime="20230823 11:40:24.311"></status>
</kw>
<status status="PASS" starttime="20230823 11:40:24.096" endtime="20230823 11:40:24.311"></status>
</kw>
<status status="PASS" starttime="20230823 11:40:24.096" endtime="20230823 11:40:24.312"></status>
</kw>
<msg timestamp="20230823 11:40:24.312" level="INFO">${WiFi_Name} = </msg>
<status status="PASS" starttime="20230823 11:40:24.096" endtime="20230823 11:40:24.312"></status>
</kw>
<kw name="Run Keyword If" library="BuiltIn">
<doc>Runs the given keyword with the given arguments, if ``condition`` is true.</doc>
<arguments>
<arg>${WiFi_Status} == ${0}</arg>
<arg>Set Global Variable</arg>
<arg>${WiFi_Name}</arg>
<arg>USIM-NETWORK</arg>
</arguments>
<status status="PASS" starttime="20230823 11:40:24.312" endtime="20230823 11:40:24.312"></status>
</kw>
<kw name="Remove String" library="String">
<doc>Removes all ``removables`` from the given ``string``.</doc>
<arguments>
<arg>${WiFi_Name}</arg>
<arg>\n</arg>
</arguments>
<assign>
<var>${WiFi_Name}</var>
</assign>
<msg timestamp="20230823 11:40:24.313" level="INFO">${WiFi_Name} = </msg>
<status status="PASS" starttime="20230823 11:40:24.312" endtime="20230823 11:40:24.313"></status>
</kw>
<kw name="Log To Console" library="BuiltIn">
<doc>Logs the given message to the console.</doc>
<arguments>
<arg>++++++++</arg>
<arg>device information</arg>
<arg>++++++++++</arg>
</arguments>
<status status="PASS" starttime="20230823 11:40:24.313" endtime="20230823 11:40:24.313"></status>
</kw>
<kw name="Log To Console" library="BuiltIn">
<doc>Logs the given message to the console.</doc>
<arguments>
<arg>Device Name : ${Device_Name}</arg>
</arguments>
<status status="PASS" starttime="20230823 11:40:24.313" endtime="20230823 11:40:24.314"></status>
</kw>
<kw name="Log To Console" library="BuiltIn">
<doc>Logs the given message to the console.</doc>
<arguments>
<arg>Device_Serial : ${Device_OS}</arg>
</arguments>
<status status="PASS" starttime="20230823 11:40:24.314" endtime="20230823 11:40:24.314"></status>
</kw>
<kw name="Log To Console" library="BuiltIn">
<doc>Logs the given message to the console.</doc>
<arguments>
<arg>WiFi SSID : ${WiFi_Name}</arg>
</arguments>
<status status="PASS" starttime="20230823 11:40:24.314" endtime="20230823 11:40:24.315"></status>
</kw>
<kw name="Log To Console" library="BuiltIn">
<doc>Logs the given message to the console.</doc>
<arguments>
<arg>MAC Address : ${Device_MAC}</arg>
</arguments>
<status status="PASS" starttime="20230823 11:40:24.315" endtime="20230823 11:40:24.315"></status>
</kw>
<kw name="Log To Console" library="BuiltIn">
<doc>Logs the given message to the console.</doc>
<arguments>
<arg>Phonenumber : ${Device_Number}</arg>
</arguments>
<status status="PASS" starttime="20230823 11:40:24.315" endtime="20230823 11:40:24.316"></status>
</kw>
<status status="PASS" starttime="20230823 11:40:23.773" endtime="20230823 11:40:24.316"></status>
</kw>
<kw name="Open Application" library="MyUiautomatorLibrary">
<arguments>
<arg>${Web_APK_Plsu}</arg>
<arg>${APP_ACTIVITY}</arg>
</arguments>
<status status="PASS" starttime="20230823 11:40:24.316" endtime="20230823 11:40:24.406"></status>
</kw>
<kw name="Sleep" library="BuiltIn">
<doc>Pauses the test executed for the given time.</doc>
<arguments>
<arg>10s</arg>
</arguments>
<msg timestamp="20230823 11:40:34.416" level="INFO">Slept 10 seconds</msg>
<status status="PASS" starttime="20230823 11:40:24.406" endtime="20230823 11:40:34.416"></status>
</kw>
<status status="PASS" starttime="20230823 11:40:21.068" endtime="20230823 11:40:34.416" critical="yes"></status>
</test>
<status status="PASS" starttime="20230823 11:40:19.136" endtime="20230823 11:40:34.417"></status>
</suite>
<status status="PASS" starttime="20230823 11:40:19.134" endtime="20230823 11:40:34.420"></status>
</suite>
<status status="PASS" starttime="20230823 11:40:19.131" endtime="20230823 11:40:34.421"></status>
</suite>
<status status="PASS" starttime="20230823 11:40:19.130" endtime="20230823 11:40:34.423"></status>
</suite>
<status status="PASS" starttime="20230823 11:40:19.110" endtime="20230823 11:40:34.424"></status>
</suite>
<statistics>
<total>
<stat pass="1" fail="0">Critical Tests</stat>
<stat pass="1" fail="0">All Tests</stat>
</total>
<tag>
</tag>
<suite>
<stat pass="1" fail="0" id="s1" name="Study">Study</stat>
<stat pass="1" fail="0" id="s1-s1" name="Project">Study.Project</stat>
<stat pass="1" fail="0" id="s1-s1-s1" name="Testscript">Study.Project.Testscript</stat>
<stat pass="1" fail="0" id="s1-s1-s1-s1" name="Test">Study.Project.Testscript.Test</stat>
<stat pass="1" fail="0" id="s1-s1-s1-s1-s1" name="Webtest1">Study.Project.Testscript.Test.Webtest1</stat>
</suite>
</statistics>
<errors>
<msg timestamp="20230823 11:40:19.026" level="ERROR">Error in file 'C:\Users\fbehd\Desktop\RED_0.9.5.20200724101746-win32.win32.x86_64\workspace\study\project\testscript\test\webtest1.robot' on line 60: Non-existing setting 'Description'.</msg>
<msg timestamp="20230823 11:40:19.026" level="ERROR">Error in file 'C:\Users\fbehd\Desktop\RED_0.9.5.20200724101746-win32.win32.x86_64\workspace\study\project\testscript\test\webtest1.robot' on line 77: Non-existing setting 'Description'.</msg>
<msg timestamp="20230823 11:40:19.153" level="ERROR">Error in file 'C:\Users\fbehd\Desktop\RED_0.9.5.20200724101746-win32.win32.x86_64\workspace\study\project\environment\library.robot' on line 4: Resource file 'keywords.robot' does not exist.</msg>
<msg timestamp="20230823 11:40:19.173" level="ERROR">Error in file 'C:\Users\fbehd\Desktop\RED_0.9.5.20200724101746-win32.win32.x86_64\workspace\study\project\environment\library.robot' on line 6: Resource file 'variable_locator.robot' does not exist.</msg>
<msg timestamp="20230823 11:40:19.179" level="ERROR">Error in file 'C:\Users\fbehd\Desktop\RED_0.9.5.20200724101746-win32.win32.x86_64\workspace\study\project\environment\variable_keywords.robot' on line 3: Resource file '..\..\keywords\web\account.com_keywords.robot' does not exist.</msg>
<msg timestamp="20230823 11:40:21.047" level="ERROR">Error in file 'C:\Users\fbehd\Desktop\RED_0.9.5.20200724101746-win32.win32.x86_64\workspace\study\project\environment\library.robot' on line 12: Importing test library 'Standrdlibraries' failed: ModuleNotFoundError: No module named 'Standrdlibraries'
Traceback (most recent call last):
  None
PYTHONPATH:
  C:\Python36\Lib\site-packages
  C:\Users\fbehd\Desktop\RED_0.9.5.20200724101746-win32.win32.x86_64\workspace\study\library
  C:\Python36\python36.zip
  C:\Python36\DLLs
  C:\Python36\lib
  C:\Python36
  C:\Python36\lib\site-packages
  C:\Python36\lib\site-packages\setuptools-33.1.1-py3.6.egg
  C:\Python36\lib\site-packages\win32
  C:\Python36\lib\site-packages\win32\lib
  C:\Python36\lib\site-packages\Pythonwin</msg>
<msg timestamp="20230823 11:40:21.065" level="ERROR">Error in file 'C:\Users\fbehd\Desktop\RED_0.9.5.20200724101746-win32.win32.x86_64\workspace\study\project\environment\setting.robot' on line 43: Setting variable '${ACCOUNT_KR_DEVICE_NRMR}' failed: Variable '${ACCOUNT}' not found. Did you mean:
    ${ACCOUNT_KR_URL}</msg>
</errors>
</robot>
